<?xml version="1.0" encoding="UTF-8"?>
<testng-results skipped="0" failed="0" ignored="0" total="1" passed="1">
  <reporter-output>
  </reporter-output>
  <suite name="Default suite" duration-ms="1749" started-at="2017-04-30T21:56:58Z" finished-at="2017-04-30T21:57:00Z">
    <groups>
    </groups>
    <test name="Default test" duration-ms="1749" started-at="2017-04-30T21:56:58Z" finished-at="2017-04-30T21:57:00Z">
      <class name="APITesting.com.org.api.JsonServerRequest">
        <test-method status="PASS" signature="test_09()[pri:0, instance:APITesting.com.org.api.JsonServerRequest@55f3ddb1]" name="test_09" duration-ms="1723" started-at="2017-04-30T17:56:58Z" finished-at="2017-04-30T17:57:00Z">
          <reporter-output>
          </reporter-output>
        </test-method> <!-- test_09 -->
      </class> <!-- APITesting.com.org.api.JsonServerRequest -->
    </test> <!-- Default test -->
  </suite> <!-- Default suite -->
</testng-results>
